This is pdfTeX, Version 3.1415926-1.40.10 (MiKTeX 2.8) (preloaded format=pdflatex 2010.8.29)  29 AUG 2010 14:54
entering extended mode
**//sage/homes/ELEC6410/Project1/doc/Exercise2th5.tex
(//sage/homes/ELEC6410/Project1/doc/Exercise2th5.tex
LaTeX2e <2009/09/24>
Babel <v3.8l> and hyphenation patterns for english, dumylang, nohyphenation, ge
rman, ngerman, german-x-2009-06-19, ngerman-x-2009-06-19, french, loaded.
("C:\Program Files (x86)\MiKTeX 2.8\tex\latex\base\article.cls"
Document Class: article 2007/10/19 v1.4h Standard LaTeX document class
("C:\Program Files (x86)\MiKTeX 2.8\tex\latex\base\size10.clo"
File: size10.clo 2007/10/19 v1.4h Standard LaTeX file (size option)
)
\c@part=\count79
\c@section=\count80
\c@subsection=\count81
\c@subsubsection=\count82
\c@paragraph=\count83
\c@subparagraph=\count84
\c@figure=\count85
\c@table=\count86
\abovecaptionskip=\skip41
\belowcaptionskip=\skip42
\bibindent=\dimen102
)
("C:\Program Files (x86)\MiKTeX 2.8\tex\latex\graphics\graphicx.sty"
Package: graphicx 1999/02/16 v1.0f Enhanced LaTeX Graphics (DPC,SPQR)

("C:\Program Files (x86)\MiKTeX 2.8\tex\latex\graphics\keyval.sty"
Package: keyval 1999/03/16 v1.13 key=value parser (DPC)
\KV@toks@=\toks14
)
("C:\Program Files (x86)\MiKTeX 2.8\tex\latex\graphics\graphics.sty"
Package: graphics 2009/02/05 v1.0o Standard LaTeX Graphics (DPC,SPQR)

("C:\Program Files (x86)\MiKTeX 2.8\tex\latex\graphics\trig.sty"
Package: trig 1999/03/16 v1.09 sin cos tan (DPC)
)
("C:\Program Files (x86)\MiKTeX 2.8\tex\latex\00miktex\graphics.cfg"
File: graphics.cfg 2007/01/18 v1.5 graphics configuration of teTeX/TeXLive
)
Package graphics Info: Driver file: pdftex.def on input line 91.

("C:\Program Files (x86)\MiKTeX 2.8\tex\latex\pdftex-def\pdftex.def"
File: pdftex.def 2009/08/25 v0.04m Graphics/color for pdfTeX
\Gread@gobject=\count87
))
\Gin@req@height=\dimen103
\Gin@req@width=\dimen104
)
("C:\Program Files (x86)\MiKTeX 2.8\tex\latex\graphics\color.sty"
Package: color 2005/11/14 v1.0j Standard LaTeX Color (DPC)

("C:\Program Files (x86)\MiKTeX 2.8\tex\latex\00miktex\color.cfg"
File: color.cfg 2007/01/18 v1.5 color configuration of teTeX/TeXLive
)
Package color Info: Driver file: pdftex.def on input line 130.
)
No file Exercise2th5.aux.
LaTeX Font Info:    Checking defaults for OML/cmm/m/it on input line 13.
LaTeX Font Info:    ... okay on input line 13.
LaTeX Font Info:    Checking defaults for T1/cmr/m/n on input line 13.
LaTeX Font Info:    ... okay on input line 13.
LaTeX Font Info:    Checking defaults for OT1/cmr/m/n on input line 13.
LaTeX Font Info:    ... okay on input line 13.
LaTeX Font Info:    Checking defaults for OMS/cmsy/m/n on input line 13.
LaTeX Font Info:    ... okay on input line 13.
LaTeX Font Info:    Checking defaults for OMX/cmex/m/n on input line 13.
LaTeX Font Info:    ... okay on input line 13.
LaTeX Font Info:    Checking defaults for U/cmr/m/n on input line 13.
LaTeX Font Info:    ... okay on input line 13.
("C:\Program Files (x86)\MiKTeX 2.8\tex\context\base\supp-pdf.tex"
[Loading MPS to PDF converter (version 2006.09.02).]
\scratchcounter=\count88
\scratchdimen=\dimen105
\scratchbox=\box26
\nofMPsegments=\count89
\nofMParguments=\count90
\everyMPshowfont=\toks15
\MPscratchCnt=\count91
\MPscratchDim=\dimen106
\MPnumerator=\count92
\everyMPtoPDFconversion=\toks16
)
LaTeX Font Info:    Try loading font information for OMS+cmr on input line 21.
 ("C:\Program Files (x86)\MiKTeX 2.8\tex\latex\base\omscmr.fd"
File: omscmr.fd 1999/05/25 v2.5h Standard LaTeX font definitions
)
LaTeX Font Info:    Font shape `OMS/cmr/m/n' in size <10> not available
(Font)              Font shape `OMS/cmsy/m/n' tried instead on input line 21.

Overfull \hbox (17.24684pt too wide) in paragraph at lines 47--47
[]\OT1/cmtt/m/n/10 % Use conv to convolve s1 and delta1, and plot the result us
ing stem.[] 
 []

<Exercise2th5_01.jpg, id=1, 562.1pt x 421.575pt>
File: Exercise2th5_01.jpg Graphic file (type jpg)
 <use Exercise2th5_01.jpg>
Overfull \hbox (59.24648pt too wide) in paragraph at lines 63--63
[]\OT1/cmtt/m/n/10 % (a) Create another vector of length 12 representing an imp
ulse at 0 and 11.[] 
 []

[1

{C:/ProgramData/MiKTeX/2.8/pdftex/config/pdftex.map} <//sage/homes/ELEC6410/Pro
ject1/doc/Exercise2th5_01.jpg>]
<Exercise2th5_02.jpg, id=10, 562.1pt x 421.575pt>
File: Exercise2th5_02.jpg Graphic file (type jpg)
 <use Exercise2th5_02.jpg>
Overfull \hbox (17.24684pt too wide) in paragraph at lines 93--93
[]\OT1/cmtt/m/n/10 % (a)Create a flat impulse response hn3 that is three points
 long and[] 
 []


Overfull \hbox (43.49661pt too wide) in paragraph at lines 93--93
[]\OT1/cmtt/m/n/10 % (c) Increase the length of the impulse response to 5 and 1
0 and redo the[] 
 []

[2 <//sage/homes/ELEC6410/Project1/doc/Exercise2th5_02.jpg>]
<Exercise2th5_03.jpg, id=14, 562.1pt x 421.575pt>
File: Exercise2th5_03.jpg Graphic file (type jpg)
 <use Exercise2th5_03.jpg>
<Exercise2th5_04.jpg, id=15, 562.1pt x 421.575pt>
File: Exercise2th5_04.jpg Graphic file (type jpg)
 <use Exercise2th5_04.jpg>
<Exercise2th5_05.jpg, id=16, 562.1pt x 421.575pt>
File: Exercise2th5_05.jpg Graphic file (type jpg)
 <use Exercise2th5_05.jpg>
[3 <//sage/homes/ELEC6410/Project1/doc/Exercise2th5_03.jpg> <//sage/homes/ELEC6
410/Project1/doc/Exercise2th5_04.jpg>] [4 <//sage/homes/ELEC6410/Project1/doc/E
xercise2th5_05.jpg>] (\\sage\homes\ELEC6410\Project1\doc\Exercise2th5.aux) ) 
Here is how much of TeX's memory you used:
 970 strings out of 495285
 12889 string characters out of 3179872
 62089 words of memory out of 3000000
 4215 multiletter control sequences out of 15000+200000
 4413 words of font info for 17 fonts, out of 3000000 for 9000
 14 hyphenation exceptions out of 8191
 25i,5n,19p,242b,245s stack positions out of 5000i,500n,10000p,200000b,50000s
<C:
/Program Files (x86)/MiKTeX 2.8/fonts/type1/public/amsfonts/cm/cmbx12.pfb><C:/P
rogram Files (x86)/MiKTeX 2.8/fonts/type1/public/amsfonts/cm/cmr10.pfb><C:/Prog
ram Files (x86)/MiKTeX 2.8/fonts/type1/public/amsfonts/cm/cmsy10.pfb><C:/Progra
m Files (x86)/MiKTeX 2.8/fonts/type1/public/amsfonts/cm/cmtt10.pfb>
Output written on Exercise2th5.pdf (4 pages, 263730 bytes).
PDF statistics:
 36 PDF objects out of 1000 (max. 8388607)
 0 named destinations out of 1000 (max. 500000)
 26 words of extra memory for PDF output out of 10000 (max. 10000000)

